<?xml version="1.0" encoding="UTF-8"?>
<testsuite xmlns:xsi="http://www.w3.org/2001/XMLSchema-instance" xsi:noNamespaceSchemaLocation="https://maven.apache.org/surefire/maven-surefire-plugin/xsd/surefire-test-report.xsd" name="com.hcl.icontrol.jenkins.TextUtilsTest" time="0.001" tests="3" errors="0" skipped="0" failures="0">
  <properties>
    <property name="java.specification.version" value="20"/>
    <property name="sun.cpu.isalist" value="amd64"/>
    <property name="sun.jnu.encoding" value="Cp1252"/>
    <property name="java.class.path" value="C:\Users\kaush\grafana\test-new\afaq-repo\npm\target\test-classes;C:\Users\kaush\grafana\test-new\afaq-repo\npm\target\classes;C:\Users\kaush\.m2\repository\org\codehaus\groovy\groovy-all\2.4.21\groovy-all-2.4.21.jar;C:\Users\kaush\.m2\repository\org\apache\commons\commons-lang3\3.12.0\commons-lang3-3.12.0.jar;C:\Users\kaush\.m2\repository\org\apache\commons\commons-collections4\4.4\commons-collections4-4.4.jar;C:\Users\kaush\.m2\repository\com\lesfurets\jenkins-pipeline-unit\1.9\jenkins-pipeline-unit-1.9.jar;C:\Users\kaush\.m2\repository\org\assertj\assertj-core\3.4.1\assertj-core-3.4.1.jar;C:\Users\kaush\.m2\repository\org\springframework\spring-core\5.2.9.RELEASE\spring-core-5.2.9.RELEASE.jar;C:\Users\kaush\.m2\repository\org\springframework\spring-jcl\5.2.9.RELEASE\spring-jcl-5.2.9.RELEASE.jar;C:\Users\kaush\.m2\repository\com\cloudbees\groovy-cps\1.12\groovy-cps-1.12.jar;C:\Users\kaush\.m2\repository\commons-io\commons-io\2.5\commons-io-2.5.jar;C:\Users\kaush\.m2\repository\org\apache\ivy\ivy\2.4.0\ivy-2.4.0.jar;C:\Users\kaush\.m2\repository\org\spockframework\spock-core\1.1-groovy-2.4\spock-core-1.1-groovy-2.4.jar;C:\Users\kaush\.m2\repository\junit\junit\4.12\junit-4.12.jar;C:\Users\kaush\.m2\repository\org\hamcrest\hamcrest-core\1.3\hamcrest-core-1.3.jar;C:\Users\kaush\.m2\repository\org\yaml\snakeyaml\1.33\snakeyaml-1.33.jar;C:\Users\kaush\.m2\repository\org\junit\jupiter\junit-jupiter-api\5.9.1\junit-jupiter-api-5.9.1.jar;C:\Users\kaush\.m2\repository\org\opentest4j\opentest4j\1.2.0\opentest4j-1.2.0.jar;C:\Users\kaush\.m2\repository\org\junit\platform\junit-platform-commons\1.9.1\junit-platform-commons-1.9.1.jar;C:\Users\kaush\.m2\repository\org\apiguardian\apiguardian-api\1.1.2\apiguardian-api-1.1.2.jar;C:\Users\kaush\.m2\repository\org\junit\jupiter\junit-jupiter-engine\5.9.1\junit-jupiter-engine-5.9.1.jar;C:\Users\kaush\.m2\repository\org\junit\platform\junit-platform-engine\1.9.1\junit-platform-engine-1.9.1.jar;C:\Users\kaush\.m2\repository\org\junit\vintage\junit-vintage-engine\5.9.1\junit-vintage-engine-5.9.1.jar;C:\Users\kaush\.m2\repository\org\junit\platform\junit-platform-launcher\1.9.1\junit-platform-launcher-1.9.1.jar;C:\Users\kaush\.m2\repository\org\junit\platform\junit-platform-runner\1.9.1\junit-platform-runner-1.9.1.jar;C:\Users\kaush\.m2\repository\org\junit\platform\junit-platform-suite-api\1.9.1\junit-platform-suite-api-1.9.1.jar;C:\Users\kaush\.m2\repository\org\junit\platform\junit-platform-suite-commons\1.9.1\junit-platform-suite-commons-1.9.1.jar;C:\Users\kaush\.m2\repository\org\jenkins-ci\plugins\workflow\workflow-cps\2.41\workflow-cps-2.41.jar;C:\Users\kaush\.m2\repository\org\jenkins-ci\plugins\workflow\workflow-step-api\2.13\workflow-step-api-2.13.jar;C:\Users\kaush\.m2\repository\org\jenkins-ci\plugins\workflow\workflow-api\2.18\workflow-api-2.18.jar;C:\Users\kaush\.m2\repository\org\jenkins-ci\plugins\workflow\workflow-support\2.14\workflow-support-2.14.jar;C:\Users\kaush\.m2\repository\org\jboss\marshalling\jboss-marshalling-river\1.4.9.Final\jboss-marshalling-river-1.4.9.Final.jar;C:\Users\kaush\.m2\repository\org\jboss\marshalling\jboss-marshalling\1.4.9.Final\jboss-marshalling-1.4.9.Final.jar;C:\Users\kaush\.m2\repository\org\jenkins-ci\plugins\workflow\workflow-scm-step\2.4\workflow-scm-step-2.4.jar;C:\Users\kaush\.m2\repository\org\jenkins-ci\plugins\script-security\1.34\script-security-1.34.jar;C:\Users\kaush\.m2\repository\org\kohsuke\groovy-sandbox\1.15\groovy-sandbox-1.15.jar;C:\Users\kaush\.m2\repository\org\jenkins-ci\plugins\scm-api\2.0.8\scm-api-2.0.8.jar;C:\Users\kaush\.m2\repository\org\jenkins-ci\plugins\structs\1.7\structs-1.7.jar;C:\Users\kaush\.m2\repository\org\jenkins-ci\ui\jquery-detached\1.2.1\jquery-detached-1.2.1.jar;C:\Users\kaush\.m2\repository\org\jenkins-ci\ui\ace-editor\1.0.1\ace-editor-1.0.1.jar;C:\Users\kaush\.m2\repository\com\cloudbees\diff4j\1.2\diff4j-1.2.jar;C:\Users\kaush\.m2\repository\org\jenkins-ci\main\jenkins-core\2.85\jenkins-core-2.85.jar;C:\Users\kaush\.m2\repository\org\jenkins-ci\plugins\icon-shim\icon-set\1.0.5\icon-set-1.0.5.jar;C:\Users\kaush\.m2\repository\org\jenkins-ci\main\remoting\3.13\remoting-3.13.jar;C:\Users\kaush\.m2\repository\org\jenkins-ci\constant-pool-scanner\1.2\constant-pool-scanner-1.2.jar;C:\Users\kaush\.m2\repository\org\jenkins-ci\main\cli\2.85\cli-2.85.jar;C:\Users\kaush\.m2\repository\org\jenkins-ci\version-number\1.4\version-number-1.4.jar;C:\Users\kaush\.m2\repository\org\jenkins-ci\crypto-util\1.1\crypto-util-1.1.jar;C:\Users\kaush\.m2\repository\org\jvnet\hudson\jtidy\4aug2000r7-dev-hudson-1\jtidy-4aug2000r7-dev-hudson-1.jar;C:\Users\kaush\.m2\repository\com\google\inject\guice\4.0\guice-4.0.jar;C:\Users\kaush\.m2\repository\javax\inject\javax.inject\1\javax.inject-1.jar;C:\Users\kaush\.m2\repository\aopalliance\aopalliance\1.0\aopalliance-1.0.jar;C:\Users\kaush\.m2\repository\org\jruby\ext\posix\jna-posix\1.0.3-jenkins-1\jna-posix-1.0.3-jenkins-1.jar;C:\Users\kaush\.m2\repository\com\github\jnr\jnr-posix\3.0.41\jnr-posix-3.0.41.jar;C:\Users\kaush\.m2\repository\com\github\jnr\jnr-ffi\2.1.4\jnr-ffi-2.1.4.jar;C:\Users\kaush\.m2\repository\com\github\jnr\jffi\1.2.15\jffi-1.2.15.jar;C:\Users\kaush\.m2\repository\com\github\jnr\jffi\1.2.15\jffi-1.2.15-native.jar;C:\Users\kaush\.m2\repository\org\ow2\asm\asm\5.0.3\asm-5.0.3.jar;C:\Users\kaush\.m2\repository\org\ow2\asm\asm-commons\5.0.3\asm-commons-5.0.3.jar;C:\Users\kaush\.m2\repository\org\ow2\asm\asm-analysis\5.0.3\asm-analysis-5.0.3.jar;C:\Users\kaush\.m2\repository\org\ow2\asm\asm-tree\5.0.3\asm-tree-5.0.3.jar;C:\Users\kaush\.m2\repository\org\ow2\asm\asm-util\5.0.3\asm-util-5.0.3.jar;C:\Users\kaush\.m2\repository\com\github\jnr\jnr-x86asm\1.0.2\jnr-x86asm-1.0.2.jar;C:\Users\kaush\.m2\repository\com\github\jnr\jnr-constants\0.9.8\jnr-constants-0.9.8.jar;C:\Users\kaush\.m2\repository\org\kohsuke\trilead-putty-extension\1.2\trilead-putty-extension-1.2.jar;C:\Users\kaush\.m2\repository\org\jenkins-ci\trilead-ssh2\build-217-jenkins-11\trilead-ssh2-build-217-jenkins-11.jar;C:\Users\kaush\.m2\repository\net\i2p\crypto\eddsa\0.2.0\eddsa-0.2.0.jar;C:\Users\kaush\.m2\repository\org\kohsuke\stapler\stapler-groovy\1.252\stapler-groovy-1.252.jar;C:\Users\kaush\.m2\repository\org\kohsuke\stapler\stapler-jelly\1.252\stapler-jelly-1.252.jar;C:\Users\kaush\.m2\repository\org\jenkins-ci\commons-jelly\1.1-jenkins-20120928\commons-jelly-1.1-jenkins-20120928.jar;C:\Users\kaush\.m2\repository\org\jenkins-ci\dom4j\dom4j\1.6.1-jenkins-4\dom4j-1.6.1-jenkins-4.jar;C:\Users\kaush\.m2\repository\org\kohsuke\stapler\stapler-jrebel\1.252\stapler-jrebel-1.252.jar;C:\Users\kaush\.m2\repository\org\kohsuke\stapler\stapler\1.252\stapler-1.252.jar;C:\Users\kaush\.m2\repository\javax\annotation\javax.annotation-api\1.2\javax.annotation-api-1.2.jar;C:\Users\kaush\.m2\repository\commons-discovery\commons-discovery\0.4\commons-discovery-0.4.jar;C:\Users\kaush\.m2\repository\org\jvnet\tiger-types\2.2\tiger-types-2.2.jar;C:\Users\kaush\.m2\repository\com\google\code\findbugs\jsr305\2.0.1\jsr305-2.0.1.jar;C:\Users\kaush\.m2\repository\org\kohsuke\windows-package-checker\1.2\windows-package-checker-1.2.jar;C:\Users\kaush\.m2\repository\org\kohsuke\stapler\stapler-adjunct-zeroclipboard\1.3.5-1\stapler-adjunct-zeroclipboard-1.3.5-1.jar;C:\Users\kaush\.m2\repository\org\kohsuke\stapler\stapler-adjunct-timeline\1.5\stapler-adjunct-timeline-1.5.jar;C:\Users\kaush\.m2\repository\org\kohsuke\stapler\stapler-adjunct-codemirror\1.3\stapler-adjunct-codemirror-1.3.jar;C:\Users\kaush\.m2\repository\com\infradna\tool\bridge-method-annotation\1.13\bridge-method-annotation-1.13.jar;C:\Users\kaush\.m2\repository\org\kohsuke\stapler\json-lib\2.4-jenkins-2\json-lib-2.4-jenkins-2.jar;C:\Users\kaush\.m2\repository\commons-logging\commons-logging\1.1.1\commons-logging-1.1.1.jar;C:\Users\kaush\.m2\repository\net\sf\ezmorph\ezmorph\1.0.6\ezmorph-1.0.6.jar;C:\Users\kaush\.m2\repository\commons-httpclient\commons-httpclient\3.1-jenkins-1\commons-httpclient-3.1-jenkins-1.jar;C:\Users\kaush\.m2\repository\args4j\args4j\2.0.31\args4j-2.0.31.jar;C:\Users\kaush\.m2\repository\org\jenkins-ci\annotation-indexer\1.12\annotation-indexer-1.12.jar;C:\Users\kaush\.m2\repository\org\jenkins-ci\bytecode-compatibility-transformer\1.8\bytecode-compatibility-transformer-1.8.jar;C:\Users\kaush\.m2\repository\org\kohsuke\asm5\5.0.1\asm5-5.0.1.jar;C:\Users\kaush\.m2\repository\org\jenkins-ci\task-reactor\1.4\task-reactor-1.4.jar;C:\Users\kaush\.m2\repository\org\jvnet\localizer\localizer\1.24\localizer-1.24.jar;C:\Users\kaush\.m2\repository\antlr\antlr\2.7.6\antlr-2.7.6.jar;C:\Users\kaush\.m2\repository\org\jvnet\hudson\xstream\1.4.7-jenkins-1\xstream-1.4.7-jenkins-1.jar;C:\Users\kaush\.m2\repository\jfree\jfreechart\1.0.9\jfreechart-1.0.9.jar;C:\Users\kaush\.m2\repository\jfree\jcommon\1.0.12\jcommon-1.0.12.jar;C:\Users\kaush\.m2\repository\org\apache\ant\ant\1.8.4\ant-1.8.4.jar;C:\Users\kaush\.m2\repository\org\apache\ant\ant-launcher\1.8.4\ant-launcher-1.8.4.jar;C:\Users\kaush\.m2\repository\commons-lang\commons-lang\2.6\commons-lang-2.6.jar;C:\Users\kaush\.m2\repository\commons-digester\commons-digester\2.1\commons-digester-2.1.jar;C:\Users\kaush\.m2\repository\commons-beanutils\commons-beanutils\1.8.3\commons-beanutils-1.8.3.jar;C:\Users\kaush\.m2\repository\org\apache\commons\commons-compress\1.10\commons-compress-1.10.jar;C:\Users\kaush\.m2\repository\javax\mail\mail\1.4.4\mail-1.4.4.jar;C:\Users\kaush\.m2\repository\org\jvnet\hudson\activation\1.1.1-hudson-1\activation-1.1.1-hudson-1.jar;C:\Users\kaush\.m2\repository\jaxen\jaxen\1.1-beta-11\jaxen-1.1-beta-11.jar;C:\Users\kaush\.m2\repository\commons-jelly\commons-jelly-tags-fmt\1.0\commons-jelly-tags-fmt-1.0.jar;C:\Users\kaush\.m2\repository\commons-jelly\commons-jelly-tags-xml\1.1\commons-jelly-tags-xml-1.1.jar;C:\Users\kaush\.m2\repository\org\jvnet\hudson\commons-jelly-tags-define\1.0.1-hudson-20071021\commons-jelly-tags-define-1.0.1-hudson-20071021.jar;C:\Users\kaush\.m2\repository\org\jenkins-ci\commons-jexl\1.1-jenkins-20111212\commons-jexl-1.1-jenkins-20111212.jar;C:\Users\kaush\.m2\repository\org\acegisecurity\acegi-security\1.0.7\acegi-security-1.0.7.jar;C:\Users\kaush\.m2\repository\org\springframework\spring-jdbc\1.2.9\spring-jdbc-1.2.9.jar;C:\Users\kaush\.m2\repository\org\springframework\spring-dao\1.2.9\spring-dao-1.2.9.jar;C:\Users\kaush\.m2\repository\oro\oro\2.0.8\oro-2.0.8.jar;C:\Users\kaush\.m2\repository\log4j\log4j\1.2.9\log4j-1.2.9.jar;C:\Users\kaush\.m2\repository\jline\jline\2.12\jline-2.12.jar;C:\Users\kaush\.m2\repository\org\fusesource\jansi\jansi\1.11\jansi-1.11.jar;C:\Users\kaush\.m2\repository\org\springframework\spring-webmvc\2.5.6.SEC03\spring-webmvc-2.5.6.SEC03.jar;C:\Users\kaush\.m2\repository\org\springframework\spring-beans\2.5.6.SEC03\spring-beans-2.5.6.SEC03.jar;C:\Users\kaush\.m2\repository\org\springframework\spring-context\2.5.6.SEC03\spring-context-2.5.6.SEC03.jar;C:\Users\kaush\.m2\repository\org\springframework\spring-context-support\2.5.6.SEC03\spring-context-support-2.5.6.SEC03.jar;C:\Users\kaush\.m2\repository\org\springframework\spring-web\2.5.6.SEC03\spring-web-2.5.6.SEC03.jar;C:\Users\kaush\.m2\repository\org\springframework\spring-aop\2.5.6.SEC03\spring-aop-2.5.6.SEC03.jar;C:\Users\kaush\.m2\repository\xpp3\xpp3\1.1.4c\xpp3-1.1.4c.jar;C:\Users\kaush\.m2\repository\javax\servlet\jstl\1.1.0\jstl-1.1.0.jar;C:\Users\kaush\.m2\repository\org\slf4j\jcl-over-slf4j\1.7.25\jcl-over-slf4j-1.7.25.jar;C:\Users\kaush\.m2\repository\org\slf4j\slf4j-api\1.7.25\slf4j-api-1.7.25.jar;C:\Users\kaush\.m2\repository\org\slf4j\log4j-over-slf4j\1.7.25\log4j-over-slf4j-1.7.25.jar;C:\Users\kaush\.m2\repository\com\sun\xml\txw2\txw2\20110809\txw2-20110809.jar;C:\Users\kaush\.m2\repository\javax\xml\stream\stax-api\1.0-2\stax-api-1.0-2.jar;C:\Users\kaush\.m2\repository\relaxngDatatype\relaxngDatatype\20020414\relaxngDatatype-20020414.jar;C:\Users\kaush\.m2\repository\commons-collections\commons-collections\3.2.2\commons-collections-3.2.2.jar;C:\Users\kaush\.m2\repository\org\jvnet\winp\winp\1.25\winp-1.25.jar;C:\Users\kaush\.m2\repository\org\jenkins-ci\memory-monitor\1.9\memory-monitor-1.9.jar;C:\Users\kaush\.m2\repository\org\codehaus\woodstox\wstx-asl\3.2.9\wstx-asl-3.2.9.jar;C:\Users\kaush\.m2\repository\stax\stax-api\1.0.1\stax-api-1.0.1.jar;C:\Users\kaush\.m2\repository\org\jenkins-ci\jmdns\3.4.0-jenkins-3\jmdns-3.4.0-jenkins-3.jar;C:\Users\kaush\.m2\repository\net\java\dev\jna\jna\4.2.1\jna-4.2.1.jar;C:\Users\kaush\.m2\repository\org\kohsuke\akuma\1.10\akuma-1.10.jar;C:\Users\kaush\.m2\repository\org\kohsuke\libpam4j\1.8\libpam4j-1.8.jar;C:\Users\kaush\.m2\repository\org\kohsuke\libzfs\0.8\libzfs-0.8.jar;C:\Users\kaush\.m2\repository\com\sun\solaris\embedded_su4j\1.1\embedded_su4j-1.1.jar;C:\Users\kaush\.m2\repository\net\java\sezpoz\sezpoz\1.12\sezpoz-1.12.jar;C:\Users\kaush\.m2\repository\org\kohsuke\jinterop\j-interop\2.0.6-kohsuke-1\j-interop-2.0.6-kohsuke-1.jar;C:\Users\kaush\.m2\repository\org\kohsuke\jinterop\j-interopdeps\2.0.6-kohsuke-1\j-interopdeps-2.0.6-kohsuke-1.jar;C:\Users\kaush\.m2\repository\org\samba\jcifs\jcifs\1.2.19\jcifs-1.2.19.jar;C:\Users\kaush\.m2\repository\org\jvnet\robust-http-client\robust-http-client\1.2\robust-http-client-1.2.jar;C:\Users\kaush\.m2\repository\org\jenkins-ci\symbol-annotation\1.1\symbol-annotation-1.1.jar;C:\Users\kaush\.m2\repository\commons-codec\commons-codec\1.8\commons-codec-1.8.jar;C:\Users\kaush\.m2\repository\org\kohsuke\access-modifier-annotation\1.11\access-modifier-annotation-1.11.jar;C:\Users\kaush\.m2\repository\commons-fileupload\commons-fileupload\1.3.1-jenkins-2\commons-fileupload-1.3.1-jenkins-2.jar;C:\Users\kaush\.m2\repository\com\google\guava\guava\11.0.1\guava-11.0.1.jar;C:\Users\kaush\.m2\repository\com\jcraft\jzlib\1.1.3-kohsuke-1\jzlib-1.1.3-kohsuke-1.jar;C:\Users\kaush\.m2\repository\javax\servlet\servlet-api\2.5\servlet-api-2.5.jar;C:\Users\kaush\.m2\repository\org\jenkinsci\plugins\pipeline-model-definition\1.2\pipeline-model-definition-1.2.jar;C:\Users\kaush\.m2\repository\org\jenkinsci\plugins\pipeline-model-api\1.2\pipeline-model-api-1.2.jar;C:\Users\kaush\.m2\repository\org\jenkins-ci\lib\pipeline-model-json-shaded\1.2\pipeline-model-json-shaded-1.2.jar;C:\Users\kaush\.m2\repository\org\jenkinsci\plugins\pipeline-model-extensions\1.2\pipeline-model-extensions-1.2.jar;C:\Users\kaush\.m2\repository\org\jenkins-ci\plugins\workflow\workflow-job\2.11\workflow-job-2.11.jar;C:\Users\kaush\.m2\repository\org\jenkinsci\plugins\pipeline-stage-tags-metadata\1.2\pipeline-stage-tags-metadata-1.2.jar;C:\Users\kaush\.m2\repository\org\jenkins-ci\plugins\workflow\workflow-multibranch\2.9.2\workflow-multibranch-2.9.2.jar;C:\Users\kaush\.m2\repository\org\jenkins-ci\plugins\branch-api\1.11\branch-api-1.11.jar;C:\Users\kaush\.m2\repository\org\jenkins-ci\plugins\cloudbees-folder\5.12\cloudbees-folder-5.12.jar;C:\Users\kaush\.m2\repository\org\jenkins-ci\plugins\workflow\workflow-basic-steps\2.3\workflow-basic-steps-2.3.jar;C:\Users\kaush\.m2\repository\org\jenkins-ci\plugins\workflow\workflow-durable-task-step\2.9\workflow-durable-task-step-2.9.jar;C:\Users\kaush\.m2\repository\org\jenkins-ci\plugins\durable-task\1.13\durable-task-1.13.jar;C:\Users\kaush\.m2\repository\org\jenkins-ci\plugins\pipeline-stage-step\2.2\pipeline-stage-step-2.2.jar;C:\Users\kaush\.m2\repository\org\jenkins-ci\plugins\docker-workflow\1.9\docker-workflow-1.9.jar;C:\Users\kaush\.m2\repository\org\jenkins-ci\plugins\docker-commons\1.5\docker-commons-1.5.jar;C:\Users\kaush\.m2\repository\org\jenkins-ci\plugins\authentication-tokens\1.1\authentication-tokens-1.1.jar;C:\Users\kaush\.m2\repository\org\jenkins-ci\plugins\icon-shim\icon-shim\1.0.3\icon-shim-1.0.3.jar;C:\Users\kaush\.m2\repository\org\jenkins-ci\plugins\credentials-binding\1.11\credentials-binding-1.11.jar;C:\Users\kaush\.m2\repository\org\jenkins-ci\plugins\plain-credentials\1.3\plain-credentials-1.3.jar;C:\Users\kaush\.m2\repository\org\jenkins-ci\plugins\workflow\workflow-cps-global-lib\2.7\workflow-cps-global-lib-2.7.jar;C:\Users\kaush\.m2\repository\org\jenkins-ci\plugins\git-server\1.5\git-server-1.5.jar;C:\Users\kaush\.m2\repository\org\jenkins-ci\plugins\mailer\1.18\mailer-1.18.jar;C:\Users\kaush\.m2\repository\org\jenkins-ci\plugins\display-url-api\0.2\display-url-api-0.2.jar;C:\Users\kaush\.m2\repository\org\jenkins-ci\plugins\junit\1.3\junit-1.3.jar;C:\Users\kaush\.m2\repository\org\jenkins-ci\plugins\git-client\2.5.0\git-client-2.5.0.jar;C:\Users\kaush\.m2\repository\org\eclipse\jgit\org.eclipse.jgit\4.5.2.201704071617-r\org.eclipse.jgit-4.5.2.201704071617-r.jar;C:\Users\kaush\.m2\repository\com\jcraft\jsch\0.1.53\jsch-0.1.53.jar;C:\Users\kaush\.m2\repository\com\googlecode\javaewah\JavaEWAH\0.7.9\JavaEWAH-0.7.9.jar;C:\Users\kaush\.m2\repository\org\eclipse\jgit\org.eclipse.jgit.http.server\4.5.2.201704071617-r\org.eclipse.jgit.http.server-4.5.2.201704071617-r.jar;C:\Users\kaush\.m2\repository\org\eclipse\jgit\org.eclipse.jgit.http.apache\4.5.2.201704071617-r\org.eclipse.jgit.http.apache-4.5.2.201704071617-r.jar;C:\Users\kaush\.m2\repository\org\jenkins-ci\plugins\ssh-credentials\1.13\ssh-credentials-1.13.jar;C:\Users\kaush\.m2\repository\org\apache\httpcomponents\httpclient\4.5.2\httpclient-4.5.2.jar;C:\Users\kaush\.m2\repository\org\apache\httpcomponents\httpcore\4.4.4\httpcore-4.4.4.jar;C:\Users\kaush\.m2\repository\org\jenkins-ci\plugins\credentials\2.1.13\credentials-2.1.13.jar;C:\Users\kaush\.m2\repository\org\antlr\antlr4-runtime\4.5\antlr4-runtime-4.5.jar;C:\Users\kaush\.m2\repository\org\abego\treelayout\org.abego.treelayout.core\1.0.1\org.abego.treelayout.core-1.0.1.jar;C:\Users\kaush\.m2\repository\org\jenkinsci\plugins\pipeline-model-declarative-agent\1.1.1\pipeline-model-declarative-agent-1.1.1.jar;"/>
    <property name="java.vm.vendor" value="Oracle Corporation"/>
    <property name="sun.arch.data.model" value="64"/>
    <property name="user.variant" value=""/>
    <property name="java.vendor.url" value="https://java.oracle.com/"/>
    <property name="user.timezone" value="Asia/Calcutta"/>
    <property name="os.name" value="Windows 11"/>
    <property name="java.vm.specification.version" value="20"/>
    <property name="sun.java.launcher" value="SUN_STANDARD"/>
    <property name="user.country" value="IN"/>
    <property name="sun.boot.library.path" value="C:\Program Files\Java\jdk-20\bin"/>
    <property name="sun.java.command" value="C:\Users\kaush\AppData\Local\Temp\surefire685871000956793948\surefirebooter5738523952717431549.jar C:\Users\kaush\AppData\Local\Temp\surefire685871000956793948 2023-04-21T23-45-21_874-jvmRun1 surefire15862386626264845822tmp surefire_012012634880217808335tmp"/>
    <property name="jdk.debug" value="release"/>
    <property name="surefire.test.class.path" value="C:\Users\kaush\grafana\test-new\afaq-repo\npm\target\test-classes;C:\Users\kaush\grafana\test-new\afaq-repo\npm\target\classes;C:\Users\kaush\.m2\repository\org\codehaus\groovy\groovy-all\2.4.21\groovy-all-2.4.21.jar;C:\Users\kaush\.m2\repository\org\apache\commons\commons-lang3\3.12.0\commons-lang3-3.12.0.jar;C:\Users\kaush\.m2\repository\org\apache\commons\commons-collections4\4.4\commons-collections4-4.4.jar;C:\Users\kaush\.m2\repository\com\lesfurets\jenkins-pipeline-unit\1.9\jenkins-pipeline-unit-1.9.jar;C:\Users\kaush\.m2\repository\org\assertj\assertj-core\3.4.1\assertj-core-3.4.1.jar;C:\Users\kaush\.m2\repository\org\springframework\spring-core\5.2.9.RELEASE\spring-core-5.2.9.RELEASE.jar;C:\Users\kaush\.m2\repository\org\springframework\spring-jcl\5.2.9.RELEASE\spring-jcl-5.2.9.RELEASE.jar;C:\Users\kaush\.m2\repository\com\cloudbees\groovy-cps\1.12\groovy-cps-1.12.jar;C:\Users\kaush\.m2\repository\commons-io\commons-io\2.5\commons-io-2.5.jar;C:\Users\kaush\.m2\repository\org\apache\ivy\ivy\2.4.0\ivy-2.4.0.jar;C:\Users\kaush\.m2\repository\org\spockframework\spock-core\1.1-groovy-2.4\spock-core-1.1-groovy-2.4.jar;C:\Users\kaush\.m2\repository\junit\junit\4.12\junit-4.12.jar;C:\Users\kaush\.m2\repository\org\hamcrest\hamcrest-core\1.3\hamcrest-core-1.3.jar;C:\Users\kaush\.m2\repository\org\yaml\snakeyaml\1.33\snakeyaml-1.33.jar;C:\Users\kaush\.m2\repository\org\junit\jupiter\junit-jupiter-api\5.9.1\junit-jupiter-api-5.9.1.jar;C:\Users\kaush\.m2\repository\org\opentest4j\opentest4j\1.2.0\opentest4j-1.2.0.jar;C:\Users\kaush\.m2\repository\org\junit\platform\junit-platform-commons\1.9.1\junit-platform-commons-1.9.1.jar;C:\Users\kaush\.m2\repository\org\apiguardian\apiguardian-api\1.1.2\apiguardian-api-1.1.2.jar;C:\Users\kaush\.m2\repository\org\junit\jupiter\junit-jupiter-engine\5.9.1\junit-jupiter-engine-5.9.1.jar;C:\Users\kaush\.m2\repository\org\junit\platform\junit-platform-engine\1.9.1\junit-platform-engine-1.9.1.jar;C:\Users\kaush\.m2\repository\org\junit\vintage\junit-vintage-engine\5.9.1\junit-vintage-engine-5.9.1.jar;C:\Users\kaush\.m2\repository\org\junit\platform\junit-platform-launcher\1.9.1\junit-platform-launcher-1.9.1.jar;C:\Users\kaush\.m2\repository\org\junit\platform\junit-platform-runner\1.9.1\junit-platform-runner-1.9.1.jar;C:\Users\kaush\.m2\repository\org\junit\platform\junit-platform-suite-api\1.9.1\junit-platform-suite-api-1.9.1.jar;C:\Users\kaush\.m2\repository\org\junit\platform\junit-platform-suite-commons\1.9.1\junit-platform-suite-commons-1.9.1.jar;C:\Users\kaush\.m2\repository\org\jenkins-ci\plugins\workflow\workflow-cps\2.41\workflow-cps-2.41.jar;C:\Users\kaush\.m2\repository\org\jenkins-ci\plugins\workflow\workflow-step-api\2.13\workflow-step-api-2.13.jar;C:\Users\kaush\.m2\repository\org\jenkins-ci\plugins\workflow\workflow-api\2.18\workflow-api-2.18.jar;C:\Users\kaush\.m2\repository\org\jenkins-ci\plugins\workflow\workflow-support\2.14\workflow-support-2.14.jar;C:\Users\kaush\.m2\repository\org\jboss\marshalling\jboss-marshalling-river\1.4.9.Final\jboss-marshalling-river-1.4.9.Final.jar;C:\Users\kaush\.m2\repository\org\jboss\marshalling\jboss-marshalling\1.4.9.Final\jboss-marshalling-1.4.9.Final.jar;C:\Users\kaush\.m2\repository\org\jenkins-ci\plugins\workflow\workflow-scm-step\2.4\workflow-scm-step-2.4.jar;C:\Users\kaush\.m2\repository\org\jenkins-ci\plugins\script-security\1.34\script-security-1.34.jar;C:\Users\kaush\.m2\repository\org\kohsuke\groovy-sandbox\1.15\groovy-sandbox-1.15.jar;C:\Users\kaush\.m2\repository\org\jenkins-ci\plugins\scm-api\2.0.8\scm-api-2.0.8.jar;C:\Users\kaush\.m2\repository\org\jenkins-ci\plugins\structs\1.7\structs-1.7.jar;C:\Users\kaush\.m2\repository\org\jenkins-ci\ui\jquery-detached\1.2.1\jquery-detached-1.2.1.jar;C:\Users\kaush\.m2\repository\org\jenkins-ci\ui\ace-editor\1.0.1\ace-editor-1.0.1.jar;C:\Users\kaush\.m2\repository\com\cloudbees\diff4j\1.2\diff4j-1.2.jar;C:\Users\kaush\.m2\repository\org\jenkins-ci\main\jenkins-core\2.85\jenkins-core-2.85.jar;C:\Users\kaush\.m2\repository\org\jenkins-ci\plugins\icon-shim\icon-set\1.0.5\icon-set-1.0.5.jar;C:\Users\kaush\.m2\repository\org\jenkins-ci\main\remoting\3.13\remoting-3.13.jar;C:\Users\kaush\.m2\repository\org\jenkins-ci\constant-pool-scanner\1.2\constant-pool-scanner-1.2.jar;C:\Users\kaush\.m2\repository\org\jenkins-ci\main\cli\2.85\cli-2.85.jar;C:\Users\kaush\.m2\repository\org\jenkins-ci\version-number\1.4\version-number-1.4.jar;C:\Users\kaush\.m2\repository\org\jenkins-ci\crypto-util\1.1\crypto-util-1.1.jar;C:\Users\kaush\.m2\repository\org\jvnet\hudson\jtidy\4aug2000r7-dev-hudson-1\jtidy-4aug2000r7-dev-hudson-1.jar;C:\Users\kaush\.m2\repository\com\google\inject\guice\4.0\guice-4.0.jar;C:\Users\kaush\.m2\repository\javax\inject\javax.inject\1\javax.inject-1.jar;C:\Users\kaush\.m2\repository\aopalliance\aopalliance\1.0\aopalliance-1.0.jar;C:\Users\kaush\.m2\repository\org\jruby\ext\posix\jna-posix\1.0.3-jenkins-1\jna-posix-1.0.3-jenkins-1.jar;C:\Users\kaush\.m2\repository\com\github\jnr\jnr-posix\3.0.41\jnr-posix-3.0.41.jar;C:\Users\kaush\.m2\repository\com\github\jnr\jnr-ffi\2.1.4\jnr-ffi-2.1.4.jar;C:\Users\kaush\.m2\repository\com\github\jnr\jffi\1.2.15\jffi-1.2.15.jar;C:\Users\kaush\.m2\repository\com\github\jnr\jffi\1.2.15\jffi-1.2.15-native.jar;C:\Users\kaush\.m2\repository\org\ow2\asm\asm\5.0.3\asm-5.0.3.jar;C:\Users\kaush\.m2\repository\org\ow2\asm\asm-commons\5.0.3\asm-commons-5.0.3.jar;C:\Users\kaush\.m2\repository\org\ow2\asm\asm-analysis\5.0.3\asm-analysis-5.0.3.jar;C:\Users\kaush\.m2\repository\org\ow2\asm\asm-tree\5.0.3\asm-tree-5.0.3.jar;C:\Users\kaush\.m2\repository\org\ow2\asm\asm-util\5.0.3\asm-util-5.0.3.jar;C:\Users\kaush\.m2\repository\com\github\jnr\jnr-x86asm\1.0.2\jnr-x86asm-1.0.2.jar;C:\Users\kaush\.m2\repository\com\github\jnr\jnr-constants\0.9.8\jnr-constants-0.9.8.jar;C:\Users\kaush\.m2\repository\org\kohsuke\trilead-putty-extension\1.2\trilead-putty-extension-1.2.jar;C:\Users\kaush\.m2\repository\org\jenkins-ci\trilead-ssh2\build-217-jenkins-11\trilead-ssh2-build-217-jenkins-11.jar;C:\Users\kaush\.m2\repository\net\i2p\crypto\eddsa\0.2.0\eddsa-0.2.0.jar;C:\Users\kaush\.m2\repository\org\kohsuke\stapler\stapler-groovy\1.252\stapler-groovy-1.252.jar;C:\Users\kaush\.m2\repository\org\kohsuke\stapler\stapler-jelly\1.252\stapler-jelly-1.252.jar;C:\Users\kaush\.m2\repository\org\jenkins-ci\commons-jelly\1.1-jenkins-20120928\commons-jelly-1.1-jenkins-20120928.jar;C:\Users\kaush\.m2\repository\org\jenkins-ci\dom4j\dom4j\1.6.1-jenkins-4\dom4j-1.6.1-jenkins-4.jar;C:\Users\kaush\.m2\repository\org\kohsuke\stapler\stapler-jrebel\1.252\stapler-jrebel-1.252.jar;C:\Users\kaush\.m2\repository\org\kohsuke\stapler\stapler\1.252\stapler-1.252.jar;C:\Users\kaush\.m2\repository\javax\annotation\javax.annotation-api\1.2\javax.annotation-api-1.2.jar;C:\Users\kaush\.m2\repository\commons-discovery\commons-discovery\0.4\commons-discovery-0.4.jar;C:\Users\kaush\.m2\repository\org\jvnet\tiger-types\2.2\tiger-types-2.2.jar;C:\Users\kaush\.m2\repository\com\google\code\findbugs\jsr305\2.0.1\jsr305-2.0.1.jar;C:\Users\kaush\.m2\repository\org\kohsuke\windows-package-checker\1.2\windows-package-checker-1.2.jar;C:\Users\kaush\.m2\repository\org\kohsuke\stapler\stapler-adjunct-zeroclipboard\1.3.5-1\stapler-adjunct-zeroclipboard-1.3.5-1.jar;C:\Users\kaush\.m2\repository\org\kohsuke\stapler\stapler-adjunct-timeline\1.5\stapler-adjunct-timeline-1.5.jar;C:\Users\kaush\.m2\repository\org\kohsuke\stapler\stapler-adjunct-codemirror\1.3\stapler-adjunct-codemirror-1.3.jar;C:\Users\kaush\.m2\repository\com\infradna\tool\bridge-method-annotation\1.13\bridge-method-annotation-1.13.jar;C:\Users\kaush\.m2\repository\org\kohsuke\stapler\json-lib\2.4-jenkins-2\json-lib-2.4-jenkins-2.jar;C:\Users\kaush\.m2\repository\commons-logging\commons-logging\1.1.1\commons-logging-1.1.1.jar;C:\Users\kaush\.m2\repository\net\sf\ezmorph\ezmorph\1.0.6\ezmorph-1.0.6.jar;C:\Users\kaush\.m2\repository\commons-httpclient\commons-httpclient\3.1-jenkins-1\commons-httpclient-3.1-jenkins-1.jar;C:\Users\kaush\.m2\repository\args4j\args4j\2.0.31\args4j-2.0.31.jar;C:\Users\kaush\.m2\repository\org\jenkins-ci\annotation-indexer\1.12\annotation-indexer-1.12.jar;C:\Users\kaush\.m2\repository\org\jenkins-ci\bytecode-compatibility-transformer\1.8\bytecode-compatibility-transformer-1.8.jar;C:\Users\kaush\.m2\repository\org\kohsuke\asm5\5.0.1\asm5-5.0.1.jar;C:\Users\kaush\.m2\repository\org\jenkins-ci\task-reactor\1.4\task-reactor-1.4.jar;C:\Users\kaush\.m2\repository\org\jvnet\localizer\localizer\1.24\localizer-1.24.jar;C:\Users\kaush\.m2\repository\antlr\antlr\2.7.6\antlr-2.7.6.jar;C:\Users\kaush\.m2\repository\org\jvnet\hudson\xstream\1.4.7-jenkins-1\xstream-1.4.7-jenkins-1.jar;C:\Users\kaush\.m2\repository\jfree\jfreechart\1.0.9\jfreechart-1.0.9.jar;C:\Users\kaush\.m2\repository\jfree\jcommon\1.0.12\jcommon-1.0.12.jar;C:\Users\kaush\.m2\repository\org\apache\ant\ant\1.8.4\ant-1.8.4.jar;C:\Users\kaush\.m2\repository\org\apache\ant\ant-launcher\1.8.4\ant-launcher-1.8.4.jar;C:\Users\kaush\.m2\repository\commons-lang\commons-lang\2.6\commons-lang-2.6.jar;C:\Users\kaush\.m2\repository\commons-digester\commons-digester\2.1\commons-digester-2.1.jar;C:\Users\kaush\.m2\repository\commons-beanutils\commons-beanutils\1.8.3\commons-beanutils-1.8.3.jar;C:\Users\kaush\.m2\repository\org\apache\commons\commons-compress\1.10\commons-compress-1.10.jar;C:\Users\kaush\.m2\repository\javax\mail\mail\1.4.4\mail-1.4.4.jar;C:\Users\kaush\.m2\repository\org\jvnet\hudson\activation\1.1.1-hudson-1\activation-1.1.1-hudson-1.jar;C:\Users\kaush\.m2\repository\jaxen\jaxen\1.1-beta-11\jaxen-1.1-beta-11.jar;C:\Users\kaush\.m2\repository\commons-jelly\commons-jelly-tags-fmt\1.0\commons-jelly-tags-fmt-1.0.jar;C:\Users\kaush\.m2\repository\commons-jelly\commons-jelly-tags-xml\1.1\commons-jelly-tags-xml-1.1.jar;C:\Users\kaush\.m2\repository\org\jvnet\hudson\commons-jelly-tags-define\1.0.1-hudson-20071021\commons-jelly-tags-define-1.0.1-hudson-20071021.jar;C:\Users\kaush\.m2\repository\org\jenkins-ci\commons-jexl\1.1-jenkins-20111212\commons-jexl-1.1-jenkins-20111212.jar;C:\Users\kaush\.m2\repository\org\acegisecurity\acegi-security\1.0.7\acegi-security-1.0.7.jar;C:\Users\kaush\.m2\repository\org\springframework\spring-jdbc\1.2.9\spring-jdbc-1.2.9.jar;C:\Users\kaush\.m2\repository\org\springframework\spring-dao\1.2.9\spring-dao-1.2.9.jar;C:\Users\kaush\.m2\repository\oro\oro\2.0.8\oro-2.0.8.jar;C:\Users\kaush\.m2\repository\log4j\log4j\1.2.9\log4j-1.2.9.jar;C:\Users\kaush\.m2\repository\jline\jline\2.12\jline-2.12.jar;C:\Users\kaush\.m2\repository\org\fusesource\jansi\jansi\1.11\jansi-1.11.jar;C:\Users\kaush\.m2\repository\org\springframework\spring-webmvc\2.5.6.SEC03\spring-webmvc-2.5.6.SEC03.jar;C:\Users\kaush\.m2\repository\org\springframework\spring-beans\2.5.6.SEC03\spring-beans-2.5.6.SEC03.jar;C:\Users\kaush\.m2\repository\org\springframework\spring-context\2.5.6.SEC03\spring-context-2.5.6.SEC03.jar;C:\Users\kaush\.m2\repository\org\springframework\spring-context-support\2.5.6.SEC03\spring-context-support-2.5.6.SEC03.jar;C:\Users\kaush\.m2\repository\org\springframework\spring-web\2.5.6.SEC03\spring-web-2.5.6.SEC03.jar;C:\Users\kaush\.m2\repository\org\springframework\spring-aop\2.5.6.SEC03\spring-aop-2.5.6.SEC03.jar;C:\Users\kaush\.m2\repository\xpp3\xpp3\1.1.4c\xpp3-1.1.4c.jar;C:\Users\kaush\.m2\repository\javax\servlet\jstl\1.1.0\jstl-1.1.0.jar;C:\Users\kaush\.m2\repository\org\slf4j\jcl-over-slf4j\1.7.25\jcl-over-slf4j-1.7.25.jar;C:\Users\kaush\.m2\repository\org\slf4j\slf4j-api\1.7.25\slf4j-api-1.7.25.jar;C:\Users\kaush\.m2\repository\org\slf4j\log4j-over-slf4j\1.7.25\log4j-over-slf4j-1.7.25.jar;C:\Users\kaush\.m2\repository\com\sun\xml\txw2\txw2\20110809\txw2-20110809.jar;C:\Users\kaush\.m2\repository\javax\xml\stream\stax-api\1.0-2\stax-api-1.0-2.jar;C:\Users\kaush\.m2\repository\relaxngDatatype\relaxngDatatype\20020414\relaxngDatatype-20020414.jar;C:\Users\kaush\.m2\repository\commons-collections\commons-collections\3.2.2\commons-collections-3.2.2.jar;C:\Users\kaush\.m2\repository\org\jvnet\winp\winp\1.25\winp-1.25.jar;C:\Users\kaush\.m2\repository\org\jenkins-ci\memory-monitor\1.9\memory-monitor-1.9.jar;C:\Users\kaush\.m2\repository\org\codehaus\woodstox\wstx-asl\3.2.9\wstx-asl-3.2.9.jar;C:\Users\kaush\.m2\repository\stax\stax-api\1.0.1\stax-api-1.0.1.jar;C:\Users\kaush\.m2\repository\org\jenkins-ci\jmdns\3.4.0-jenkins-3\jmdns-3.4.0-jenkins-3.jar;C:\Users\kaush\.m2\repository\net\java\dev\jna\jna\4.2.1\jna-4.2.1.jar;C:\Users\kaush\.m2\repository\org\kohsuke\akuma\1.10\akuma-1.10.jar;C:\Users\kaush\.m2\repository\org\kohsuke\libpam4j\1.8\libpam4j-1.8.jar;C:\Users\kaush\.m2\repository\org\kohsuke\libzfs\0.8\libzfs-0.8.jar;C:\Users\kaush\.m2\repository\com\sun\solaris\embedded_su4j\1.1\embedded_su4j-1.1.jar;C:\Users\kaush\.m2\repository\net\java\sezpoz\sezpoz\1.12\sezpoz-1.12.jar;C:\Users\kaush\.m2\repository\org\kohsuke\jinterop\j-interop\2.0.6-kohsuke-1\j-interop-2.0.6-kohsuke-1.jar;C:\Users\kaush\.m2\repository\org\kohsuke\jinterop\j-interopdeps\2.0.6-kohsuke-1\j-interopdeps-2.0.6-kohsuke-1.jar;C:\Users\kaush\.m2\repository\org\samba\jcifs\jcifs\1.2.19\jcifs-1.2.19.jar;C:\Users\kaush\.m2\repository\org\jvnet\robust-http-client\robust-http-client\1.2\robust-http-client-1.2.jar;C:\Users\kaush\.m2\repository\org\jenkins-ci\symbol-annotation\1.1\symbol-annotation-1.1.jar;C:\Users\kaush\.m2\repository\commons-codec\commons-codec\1.8\commons-codec-1.8.jar;C:\Users\kaush\.m2\repository\org\kohsuke\access-modifier-annotation\1.11\access-modifier-annotation-1.11.jar;C:\Users\kaush\.m2\repository\commons-fileupload\commons-fileupload\1.3.1-jenkins-2\commons-fileupload-1.3.1-jenkins-2.jar;C:\Users\kaush\.m2\repository\com\google\guava\guava\11.0.1\guava-11.0.1.jar;C:\Users\kaush\.m2\repository\com\jcraft\jzlib\1.1.3-kohsuke-1\jzlib-1.1.3-kohsuke-1.jar;C:\Users\kaush\.m2\repository\javax\servlet\servlet-api\2.5\servlet-api-2.5.jar;C:\Users\kaush\.m2\repository\org\jenkinsci\plugins\pipeline-model-definition\1.2\pipeline-model-definition-1.2.jar;C:\Users\kaush\.m2\repository\org\jenkinsci\plugins\pipeline-model-api\1.2\pipeline-model-api-1.2.jar;C:\Users\kaush\.m2\repository\org\jenkins-ci\lib\pipeline-model-json-shaded\1.2\pipeline-model-json-shaded-1.2.jar;C:\Users\kaush\.m2\repository\org\jenkinsci\plugins\pipeline-model-extensions\1.2\pipeline-model-extensions-1.2.jar;C:\Users\kaush\.m2\repository\org\jenkins-ci\plugins\workflow\workflow-job\2.11\workflow-job-2.11.jar;C:\Users\kaush\.m2\repository\org\jenkinsci\plugins\pipeline-stage-tags-metadata\1.2\pipeline-stage-tags-metadata-1.2.jar;C:\Users\kaush\.m2\repository\org\jenkins-ci\plugins\workflow\workflow-multibranch\2.9.2\workflow-multibranch-2.9.2.jar;C:\Users\kaush\.m2\repository\org\jenkins-ci\plugins\branch-api\1.11\branch-api-1.11.jar;C:\Users\kaush\.m2\repository\org\jenkins-ci\plugins\cloudbees-folder\5.12\cloudbees-folder-5.12.jar;C:\Users\kaush\.m2\repository\org\jenkins-ci\plugins\workflow\workflow-basic-steps\2.3\workflow-basic-steps-2.3.jar;C:\Users\kaush\.m2\repository\org\jenkins-ci\plugins\workflow\workflow-durable-task-step\2.9\workflow-durable-task-step-2.9.jar;C:\Users\kaush\.m2\repository\org\jenkins-ci\plugins\durable-task\1.13\durable-task-1.13.jar;C:\Users\kaush\.m2\repository\org\jenkins-ci\plugins\pipeline-stage-step\2.2\pipeline-stage-step-2.2.jar;C:\Users\kaush\.m2\repository\org\jenkins-ci\plugins\docker-workflow\1.9\docker-workflow-1.9.jar;C:\Users\kaush\.m2\repository\org\jenkins-ci\plugins\docker-commons\1.5\docker-commons-1.5.jar;C:\Users\kaush\.m2\repository\org\jenkins-ci\plugins\authentication-tokens\1.1\authentication-tokens-1.1.jar;C:\Users\kaush\.m2\repository\org\jenkins-ci\plugins\icon-shim\icon-shim\1.0.3\icon-shim-1.0.3.jar;C:\Users\kaush\.m2\repository\org\jenkins-ci\plugins\credentials-binding\1.11\credentials-binding-1.11.jar;C:\Users\kaush\.m2\repository\org\jenkins-ci\plugins\plain-credentials\1.3\plain-credentials-1.3.jar;C:\Users\kaush\.m2\repository\org\jenkins-ci\plugins\workflow\workflow-cps-global-lib\2.7\workflow-cps-global-lib-2.7.jar;C:\Users\kaush\.m2\repository\org\jenkins-ci\plugins\git-server\1.5\git-server-1.5.jar;C:\Users\kaush\.m2\repository\org\jenkins-ci\plugins\mailer\1.18\mailer-1.18.jar;C:\Users\kaush\.m2\repository\org\jenkins-ci\plugins\display-url-api\0.2\display-url-api-0.2.jar;C:\Users\kaush\.m2\repository\org\jenkins-ci\plugins\junit\1.3\junit-1.3.jar;C:\Users\kaush\.m2\repository\org\jenkins-ci\plugins\git-client\2.5.0\git-client-2.5.0.jar;C:\Users\kaush\.m2\repository\org\eclipse\jgit\org.eclipse.jgit\4.5.2.201704071617-r\org.eclipse.jgit-4.5.2.201704071617-r.jar;C:\Users\kaush\.m2\repository\com\jcraft\jsch\0.1.53\jsch-0.1.53.jar;C:\Users\kaush\.m2\repository\com\googlecode\javaewah\JavaEWAH\0.7.9\JavaEWAH-0.7.9.jar;C:\Users\kaush\.m2\repository\org\eclipse\jgit\org.eclipse.jgit.http.server\4.5.2.201704071617-r\org.eclipse.jgit.http.server-4.5.2.201704071617-r.jar;C:\Users\kaush\.m2\repository\org\eclipse\jgit\org.eclipse.jgit.http.apache\4.5.2.201704071617-r\org.eclipse.jgit.http.apache-4.5.2.201704071617-r.jar;C:\Users\kaush\.m2\repository\org\jenkins-ci\plugins\ssh-credentials\1.13\ssh-credentials-1.13.jar;C:\Users\kaush\.m2\repository\org\apache\httpcomponents\httpclient\4.5.2\httpclient-4.5.2.jar;C:\Users\kaush\.m2\repository\org\apache\httpcomponents\httpcore\4.4.4\httpcore-4.4.4.jar;C:\Users\kaush\.m2\repository\org\jenkins-ci\plugins\credentials\2.1.13\credentials-2.1.13.jar;C:\Users\kaush\.m2\repository\org\antlr\antlr4-runtime\4.5\antlr4-runtime-4.5.jar;C:\Users\kaush\.m2\repository\org\abego\treelayout\org.abego.treelayout.core\1.0.1\org.abego.treelayout.core-1.0.1.jar;C:\Users\kaush\.m2\repository\org\jenkinsci\plugins\pipeline-model-declarative-agent\1.1.1\pipeline-model-declarative-agent-1.1.1.jar;"/>
    <property name="sun.cpu.endian" value="little"/>
    <property name="user.home" value="C:\Users\kaush"/>
    <property name="user.language" value="en"/>
    <property name="java.specification.vendor" value="Oracle Corporation"/>
    <property name="java.version.date" value="2023-03-21"/>
    <property name="java.home" value="C:\Program Files\Java\jdk-20"/>
    <property name="file.separator" value="\"/>
    <property name="basedir" value="C:\Users\kaush\grafana\test-new\afaq-repo\npm"/>
    <property name="java.vm.compressedOopsMode" value="Zero based"/>
    <property name="line.separator" value="&#10;"/>
    <property name="java.vm.specification.vendor" value="Oracle Corporation"/>
    <property name="java.specification.name" value="Java Platform API Specification"/>
    <property name="surefire.real.class.path" value="C:\Users\kaush\AppData\Local\Temp\surefire685871000956793948\surefirebooter5738523952717431549.jar"/>
    <property name="user.script" value=""/>
    <property name="sun.management.compiler" value="HotSpot 64-Bit Tiered Compilers"/>
    <property name="java.runtime.version" value="20+36-2344"/>
    <property name="user.name" value="kaush"/>
    <property name="stdout.encoding" value="Cp1252"/>
    <property name="path.separator" value=";"/>
    <property name="os.version" value="10.0"/>
    <property name="java.runtime.name" value="Java(TM) SE Runtime Environment"/>
    <property name="file.encoding" value="UTF-8"/>
    <property name="pipeline.stack.write" value="true"/>
    <property name="java.vm.name" value="Java HotSpot(TM) 64-Bit Server VM"/>
    <property name="localRepository" value="C:\Users\kaush\.m2\repository"/>
    <property name="java.vendor.url.bug" value="https://bugreport.java.com/bugreport/"/>
    <property name="java.io.tmpdir" value="C:\Users\kaush\AppData\Local\Temp\"/>
    <property name="java.version" value="20"/>
    <property name="user.dir" value="C:\Users\kaush\grafana\test-new\afaq-repo\npm"/>
    <property name="os.arch" value="amd64"/>
    <property name="java.vm.specification.name" value="Java Virtual Machine Specification"/>
    <property name="sun.os.patch.level" value=""/>
    <property name="native.encoding" value="Cp1252"/>
    <property name="java.library.path" value="C:\Program Files\Java\jdk-20\bin;C:\WINDOWS\Sun\Java\bin;C:\WINDOWS\system32;C:\WINDOWS;C:\Users\kaush\bin;C:\Program Files\Git\mingw64\bin;C:\Program Files\Git\usr\local\bin;C:\Program Files\Git\usr\bin;C:\Program Files\Git\usr\bin;C:\Program Files\Git\mingw64\bin;C:\Program Files\Git\usr\bin;C:\Users\kaush\bin;C:\Program Files (x86)\Common Files\Oracle\Java\javapath;C:\WINDOWS\system32;C:\WINDOWS;C:\WINDOWS\System32\Wbem;C:\WINDOWS\System32\WindowsPowerShell\v1.0;C:\WINDOWS\System32\OpenSSH;C:\Program Files (x86)\Google\Cloud SDK\google-cloud-sdk\bin;C:\Program Files\Docker\Docker\resources\bin;C:\Program Files\Git\cmd;C:\Users\kaush\Downloads\terraform_1.3.4_windows_386;C:\Users\kaush\Downloads\helm-v3.10.3-windows-amd64\windows-amd64;C:\Program Files\WireGuard;C:\Program Files\Netbird;C:\ProgramData\chocolatey\bin;C:\Users\kaush\Downloads\apache-maven-3.9.1-bin\apache-maven-3.9.1\bin;C:\Program Files (x86)\Groovy\bin;C:\Users\kaush\AppData\Local\Microsoft\WindowsApps;C:\Users\kaush\AppData\Local\Programs\Microsoft VS Code\bin;C:\Program Files\Git\usr\bin\vendor_perl;C:\Program Files\Git\usr\bin\core_perl;."/>
    <property name="java.vm.info" value="mixed mode, sharing"/>
    <property name="stderr.encoding" value="Cp1252"/>
    <property name="java.vendor" value="Oracle Corporation"/>
    <property name="java.vm.version" value="20+36-2344"/>
    <property name="sun.io.unicode.encoding" value="UnicodeLittle"/>
    <property name="java.class.version" value="64.0"/>
  </properties>
  <testcase name="should generate lowercase random string prefixed" classname="com.hcl.icontrol.jenkins.TextUtilsTest" time="0"/>
  <testcase name="should sanitize non-allowed chars from image tag" classname="com.hcl.icontrol.jenkins.TextUtilsTest" time="0"/>
  <testcase name="should sanitize non-allowed chars from cache key" classname="com.hcl.icontrol.jenkins.TextUtilsTest" time="0"/>
</testsuite>